<?xml version="1.0" encoding="UTF-8"?>
<testsuite xmlns:xsi="http://www.w3.org/2001/XMLSchema-instance" xsi:noNamespaceSchemaLocation="https://maven.apache.org/surefire/maven-surefire-plugin/xsd/surefire-test-report-3.0.xsd" version="3.0" name="lab14.sict.must.edu.mn.DivisionTest" time="0.191" tests="5" errors="0" skipped="0" failures="0">
  <properties>
[...]
</properties>
  <testcase name="testDivideMixedNumbers" classname="lab14.sict.must.edu.mn.DivisionTest" time="0.072"/>
  <testcase name="testDivideByZeroThrowsException" classname="lab14.sict.must.edu.mn.DivisionTest" time="0.003"/>
  <testcase name="testDivideNormalNumbers" classname="lab14.sict.must.edu.mn.DivisionTest" time="0.001"/>
  <testcase name="testDivideNegativeNumbers" classname="lab14.sict.must.edu.mn.DivisionTest" time="0.001"/>
  <testcase name="testDivideResultingInZero" classname="lab14.sict.must.edu.mn.DivisionTest" time="0.001"/>
</testsuite>